This is pdfTeX, Version 3.1415926-2.4-1.40.13 (MiKTeX 2.9) (preloaded format=pdflatex 2013.10.15)  20 DEC 2013 16:43
entering extended mode
**FinalPaper.tex
(C:\Users\AndyZurn\Dropbox\SJU\CompSci\CS300s\CS373\Paper\Final\FinalPaper.tex
LaTeX2e <2011/06/27>
Babel <v3.8m> and hyphenation patterns for english, afrikaans, ancientgreek, ar
abic, armenian, assamese, basque, bengali, bokmal, bulgarian, catalan, coptic, 
croatian, czech, danish, dutch, esperanto, estonian, farsi, finnish, french, ga
lician, german, german-x-2012-05-30, greek, gujarati, hindi, hungarian, iceland
ic, indonesian, interlingua, irish, italian, kannada, kurmanji, latin, latvian,
 lithuanian, malayalam, marathi, mongolian, mongolianlmc, monogreek, ngerman, n
german-x-2012-05-30, nynorsk, oriya, panjabi, pinyin, polish, portuguese, roman
ian, russian, sanskrit, serbian, slovak, slovenian, spanish, swedish, swissgerm
an, tamil, telugu, turkish, turkmen, ukenglish, ukrainian, uppersorbian, usengl
ishmax, welsh, loaded.
("C:\Program Files (x86)\MiKTeX 2.9\tex\latex\base\article.cls"
Document Class: article 2007/10/19 v1.4h Standard LaTeX document class
("C:\Program Files (x86)\MiKTeX 2.9\tex\latex\base\size11.clo"
File: size11.clo 2007/10/19 v1.4h Standard LaTeX file (size option)
)
\c@part=\count79
\c@section=\count80
\c@subsection=\count81
\c@subsubsection=\count82
\c@paragraph=\count83
\c@subparagraph=\count84
\c@figure=\count85
\c@table=\count86
\abovecaptionskip=\skip41
\belowcaptionskip=\skip42
\bibindent=\dimen102
)
(C:\Users\AndyZurn\AppData\Roaming\MiKTeX\2.9\tex\latex\cite\cite.sty
LaTeX Info: Redefining \cite on input line 302.
LaTeX Info: Redefining \nocite on input line 373.
Package: cite 2010/09/10  v 5.3
)
("C:\Program Files (x86)\MiKTeX 2.9\tex\latex\graphics\graphicx.sty"
Package: graphicx 1999/02/16 v1.0f Enhanced LaTeX Graphics (DPC,SPQR)

("C:\Program Files (x86)\MiKTeX 2.9\tex\latex\graphics\keyval.sty"
Package: keyval 1999/03/16 v1.13 key=value parser (DPC)
\KV@toks@=\toks14
)
("C:\Program Files (x86)\MiKTeX 2.9\tex\latex\graphics\graphics.sty"
Package: graphics 2009/02/05 v1.0o Standard LaTeX Graphics (DPC,SPQR)

("C:\Program Files (x86)\MiKTeX 2.9\tex\latex\graphics\trig.sty"
Package: trig 1999/03/16 v1.09 sin cos tan (DPC)
)
("C:\Program Files (x86)\MiKTeX 2.9\tex\latex\00miktex\graphics.cfg"
File: graphics.cfg 2007/01/18 v1.5 graphics configuration of teTeX/TeXLive
)
Package graphics Info: Driver file: pdftex.def on input line 91.

("C:\Program Files (x86)\MiKTeX 2.9\tex\latex\pdftex-def\pdftex.def"
File: pdftex.def 2011/05/27 v0.06d Graphics/color for pdfTeX

("C:\Program Files (x86)\MiKTeX 2.9\tex\generic\oberdiek\infwarerr.sty"
Package: infwarerr 2010/04/08 v1.3 Providing info/warning/error messages (HO)
)
("C:\Program Files (x86)\MiKTeX 2.9\tex\generic\oberdiek\ltxcmds.sty"
Package: ltxcmds 2011/11/09 v1.22 LaTeX kernel commands for general use (HO)
)
\Gread@gobject=\count87
))
\Gin@req@height=\dimen103
\Gin@req@width=\dimen104
)
("C:\Program Files (x86)\MiKTeX 2.9\tex\generic\babel\babel.sty"
Package: babel 2008/07/08 v3.8m The Babel package

*************************************
* Local config file bblopts.cfg used
*
("C:\Program Files (x86)\MiKTeX 2.9\tex\latex\00miktex\bblopts.cfg"
File: bblopts.cfg 2006/07/31 v1.0 MiKTeX 'babel' configuration
)
("C:\Program Files (x86)\MiKTeX 2.9\tex\generic\babel\english.ldf"
Language: english 2005/03/30 v3.3o English support from the babel system

("C:\Program Files (x86)\MiKTeX 2.9\tex\generic\babel\babel.def"
File: babel.def 2008/07/08 v3.8m Babel common definitions
\babel@savecnt=\count88
\U@D=\dimen105
)
\l@canadian = a dialect from \language\l@american 
\l@australian = a dialect from \language\l@british 
\l@newzealand = a dialect from \language\l@british 
))
(C:\Users\AndyZurn\AppData\Roaming\MiKTeX\2.9\tex\latex\preprint\authblk.sty
Package: authblk 2001/02/27 1.3 (PWD)
\affilsep=\skip43
\@affilsep=\skip44
\c@Maxaffil=\count89
\c@authors=\count90
\c@affil=\count91
)
("C:\Program Files (x86)\MiKTeX 2.9\tex\latex\base\fontenc.sty"
Package: fontenc 2005/09/27 v1.99g Standard LaTeX package

("C:\Program Files (x86)\MiKTeX 2.9\tex\latex\base\t1enc.def"
File: t1enc.def 2005/09/27 v1.99g Standard LaTeX file
LaTeX Font Info:    Redeclaring font encoding T1 on input line 43.
))
("C:\Program Files (x86)\MiKTeX 2.9\tex\latex\base\inputenc.sty"
Package: inputenc 2008/03/30 v1.1d Input encoding file
\inpenc@prehook=\toks15
\inpenc@posthook=\toks16

("C:\Program Files (x86)\MiKTeX 2.9\tex\latex\base\utf8.def"
File: utf8.def 2008/04/05 v1.1m UTF-8 support for inputenc
Now handling font encoding OML ...
... no UTF-8 mapping file for font encoding OML
Now handling font encoding T1 ...
... processing UTF-8 mapping file for font encoding T1

("C:\Program Files (x86)\MiKTeX 2.9\tex\latex\base\t1enc.dfu"
File: t1enc.dfu 2008/04/05 v1.1m UTF-8 support for inputenc
   defining Unicode char U+00A1 (decimal 161)
   defining Unicode char U+00A3 (decimal 163)
   defining Unicode char U+00AB (decimal 171)
   defining Unicode char U+00BB (decimal 187)
   defining Unicode char U+00BF (decimal 191)
   defining Unicode char U+00C0 (decimal 192)
   defining Unicode char U+00C1 (decimal 193)
   defining Unicode char U+00C2 (decimal 194)
   defining Unicode char U+00C3 (decimal 195)
   defining Unicode char U+00C4 (decimal 196)
   defining Unicode char U+00C5 (decimal 197)
   defining Unicode char U+00C6 (decimal 198)
   defining Unicode char U+00C7 (decimal 199)
   defining Unicode char U+00C8 (decimal 200)
   defining Unicode char U+00C9 (decimal 201)
   defining Unicode char U+00CA (decimal 202)
   defining Unicode char U+00CB (decimal 203)
   defining Unicode char U+00CC (decimal 204)
   defining Unicode char U+00CD (decimal 205)
   defining Unicode char U+00CE (decimal 206)
   defining Unicode char U+00CF (decimal 207)
   defining Unicode char U+00D0 (decimal 208)
   defining Unicode char U+00D1 (decimal 209)
   defining Unicode char U+00D2 (decimal 210)
   defining Unicode char U+00D3 (decimal 211)
   defining Unicode char U+00D4 (decimal 212)
   defining Unicode char U+00D5 (decimal 213)
   defining Unicode char U+00D6 (decimal 214)
   defining Unicode char U+00D8 (decimal 216)
   defining Unicode char U+00D9 (decimal 217)
   defining Unicode char U+00DA (decimal 218)
   defining Unicode char U+00DB (decimal 219)
   defining Unicode char U+00DC (decimal 220)
   defining Unicode char U+00DD (decimal 221)
   defining Unicode char U+00DE (decimal 222)
   defining Unicode char U+00DF (decimal 223)
   defining Unicode char U+00E0 (decimal 224)
   defining Unicode char U+00E1 (decimal 225)
   defining Unicode char U+00E2 (decimal 226)
   defining Unicode char U+00E3 (decimal 227)
   defining Unicode char U+00E4 (decimal 228)
   defining Unicode char U+00E5 (decimal 229)
   defining Unicode char U+00E6 (decimal 230)
   defining Unicode char U+00E7 (decimal 231)
   defining Unicode char U+00E8 (decimal 232)
   defining Unicode char U+00E9 (decimal 233)
   defining Unicode char U+00EA (decimal 234)
   defining Unicode char U+00EB (decimal 235)
   defining Unicode char U+00EC (decimal 236)
   defining Unicode char U+00ED (decimal 237)
   defining Unicode char U+00EE (decimal 238)
   defining Unicode char U+00EF (decimal 239)
   defining Unicode char U+00F0 (decimal 240)
   defining Unicode char U+00F1 (decimal 241)
   defining Unicode char U+00F2 (decimal 242)
   defining Unicode char U+00F3 (decimal 243)
   defining Unicode char U+00F4 (decimal 244)
   defining Unicode char U+00F5 (decimal 245)
   defining Unicode char U+00F6 (decimal 246)
   defining Unicode char U+00F8 (decimal 248)
   defining Unicode char U+00F9 (decimal 249)
   defining Unicode char U+00FA (decimal 250)
   defining Unicode char U+00FB (decimal 251)
   defining Unicode char U+00FC (decimal 252)
   defining Unicode char U+00FD (decimal 253)
   defining Unicode char U+00FE (decimal 254)
   defining Unicode char U+00FF (decimal 255)
   defining Unicode char U+0102 (decimal 258)
   defining Unicode char U+0103 (decimal 259)
   defining Unicode char U+0104 (decimal 260)
   defining Unicode char U+0105 (decimal 261)
   defining Unicode char U+0106 (decimal 262)
   defining Unicode char U+0107 (decimal 263)
   defining Unicode char U+010C (decimal 268)
   defining Unicode char U+010D (decimal 269)
   defining Unicode char U+010E (decimal 270)
   defining Unicode char U+010F (decimal 271)
   defining Unicode char U+0110 (decimal 272)
   defining Unicode char U+0111 (decimal 273)
   defining Unicode char U+0118 (decimal 280)
   defining Unicode char U+0119 (decimal 281)
   defining Unicode char U+011A (decimal 282)
   defining Unicode char U+011B (decimal 283)
   defining Unicode char U+011E (decimal 286)
   defining Unicode char U+011F (decimal 287)
   defining Unicode char U+0130 (decimal 304)
   defining Unicode char U+0131 (decimal 305)
   defining Unicode char U+0132 (decimal 306)
   defining Unicode char U+0133 (decimal 307)
   defining Unicode char U+0139 (decimal 313)
   defining Unicode char U+013A (decimal 314)
   defining Unicode char U+013D (decimal 317)
   defining Unicode char U+013E (decimal 318)
   defining Unicode char U+0141 (decimal 321)
   defining Unicode char U+0142 (decimal 322)
   defining Unicode char U+0143 (decimal 323)
   defining Unicode char U+0144 (decimal 324)
   defining Unicode char U+0147 (decimal 327)
   defining Unicode char U+0148 (decimal 328)
   defining Unicode char U+014A (decimal 330)
   defining Unicode char U+014B (decimal 331)
   defining Unicode char U+0150 (decimal 336)
   defining Unicode char U+0151 (decimal 337)
   defining Unicode char U+0152 (decimal 338)
   defining Unicode char U+0153 (decimal 339)
   defining Unicode char U+0154 (decimal 340)
   defining Unicode char U+0155 (decimal 341)
   defining Unicode char U+0158 (decimal 344)
   defining Unicode char U+0159 (decimal 345)
   defining Unicode char U+015A (decimal 346)
   defining Unicode char U+015B (decimal 347)
   defining Unicode char U+015E (decimal 350)
   defining Unicode char U+015F (decimal 351)
   defining Unicode char U+0160 (decimal 352)
   defining Unicode char U+0161 (decimal 353)
   defining Unicode char U+0162 (decimal 354)
   defining Unicode char U+0163 (decimal 355)
   defining Unicode char U+0164 (decimal 356)
   defining Unicode char U+0165 (decimal 357)
   defining Unicode char U+016E (decimal 366)
   defining Unicode char U+016F (decimal 367)
   defining Unicode char U+0170 (decimal 368)
   defining Unicode char U+0171 (decimal 369)
   defining Unicode char U+0178 (decimal 376)
   defining Unicode char U+0179 (decimal 377)
   defining Unicode char U+017A (decimal 378)
   defining Unicode char U+017B (decimal 379)
   defining Unicode char U+017C (decimal 380)
   defining Unicode char U+017D (decimal 381)
   defining Unicode char U+017E (decimal 382)
   defining Unicode char U+200C (decimal 8204)
   defining Unicode char U+2013 (decimal 8211)
   defining Unicode char U+2014 (decimal 8212)
   defining Unicode char U+2018 (decimal 8216)
   defining Unicode char U+2019 (decimal 8217)
   defining Unicode char U+201A (decimal 8218)
   defining Unicode char U+201C (decimal 8220)
   defining Unicode char U+201D (decimal 8221)
   defining Unicode char U+201E (decimal 8222)
   defining Unicode char U+2030 (decimal 8240)
   defining Unicode char U+2031 (decimal 8241)
   defining Unicode char U+2039 (decimal 8249)
   defining Unicode char U+203A (decimal 8250)
   defining Unicode char U+2423 (decimal 9251)
)
Now handling font encoding OT1 ...
... processing UTF-8 mapping file for font encoding OT1

("C:\Program Files (x86)\MiKTeX 2.9\tex\latex\base\ot1enc.dfu"
File: ot1enc.dfu 2008/04/05 v1.1m UTF-8 support for inputenc
   defining Unicode char U+00A1 (decimal 161)
   defining Unicode char U+00A3 (decimal 163)
   defining Unicode char U+00B8 (decimal 184)
   defining Unicode char U+00BF (decimal 191)
   defining Unicode char U+00C5 (decimal 197)
   defining Unicode char U+00C6 (decimal 198)
   defining Unicode char U+00D8 (decimal 216)
   defining Unicode char U+00DF (decimal 223)
   defining Unicode char U+00E6 (decimal 230)
   defining Unicode char U+00EC (decimal 236)
   defining Unicode char U+00ED (decimal 237)
   defining Unicode char U+00EE (decimal 238)
   defining Unicode char U+00EF (decimal 239)
   defining Unicode char U+00F8 (decimal 248)
   defining Unicode char U+0131 (decimal 305)
   defining Unicode char U+0141 (decimal 321)
   defining Unicode char U+0142 (decimal 322)
   defining Unicode char U+0152 (decimal 338)
   defining Unicode char U+0153 (decimal 339)
   defining Unicode char U+2013 (decimal 8211)
   defining Unicode char U+2014 (decimal 8212)
   defining Unicode char U+2018 (decimal 8216)
   defining Unicode char U+2019 (decimal 8217)
   defining Unicode char U+201C (decimal 8220)
   defining Unicode char U+201D (decimal 8221)
)
Now handling font encoding OMS ...
... processing UTF-8 mapping file for font encoding OMS

("C:\Program Files (x86)\MiKTeX 2.9\tex\latex\base\omsenc.dfu"
File: omsenc.dfu 2008/04/05 v1.1m UTF-8 support for inputenc
   defining Unicode char U+00A7 (decimal 167)
   defining Unicode char U+00B6 (decimal 182)
   defining Unicode char U+00B7 (decimal 183)
   defining Unicode char U+2020 (decimal 8224)
   defining Unicode char U+2021 (decimal 8225)
   defining Unicode char U+2022 (decimal 8226)
)
Now handling font encoding OMX ...
... no UTF-8 mapping file for font encoding OMX
Now handling font encoding U ...
... no UTF-8 mapping file for font encoding U
   defining Unicode char U+00A9 (decimal 169)
   defining Unicode char U+00AA (decimal 170)
   defining Unicode char U+00AE (decimal 174)
   defining Unicode char U+00BA (decimal 186)
   defining Unicode char U+02C6 (decimal 710)
   defining Unicode char U+02DC (decimal 732)
   defining Unicode char U+200C (decimal 8204)
   defining Unicode char U+2026 (decimal 8230)
   defining Unicode char U+2122 (decimal 8482)
   defining Unicode char U+2423 (decimal 9251)
))
("C:\Program Files (x86)\MiKTeX 2.9\tex\latex\tools\indentfirst.sty"
Package: indentfirst 1995/11/23 v1.03 Indent first paragraph (DPC)
)
(C:\Users\AndyZurn\AppData\Roaming\MiKTeX\2.9\tex\latex\titlesec\titlesec.sty
Package: titlesec 2011/12/15 v2.10.0 Sectioning titles
\ttl@box=\box26
\beforetitleunit=\skip45
\aftertitleunit=\skip46
\ttl@plus=\dimen106
\ttl@minus=\dimen107
\ttl@toksa=\toks17
\titlewidth=\dimen108
\titlewidthlast=\dimen109
\titlewidthfirst=\dimen110
)
(C:\Users\AndyZurn\AppData\Roaming\MiKTeX\2.9\tex\latex\blindtext\blindtext.sty
Package: blindtext 2012/01/06 V2.0 blindtext-Package
("C:\Program Files (x86)\MiKTeX 2.9\tex\latex\tools\xspace.sty"
Package: xspace 2009/10/20 v1.13 Space after command names (DPC,MH)
)
\c@blindtext=\count92
\c@Blindtext=\count93
\c@blind@countparstart=\count94
\blind@countxx=\count95
\blindtext@numBlindtext=\count96
\blind@countyy=\count97
\c@blindlist=\count98
\c@blindlistlevel=\count99
\c@blindlist@level=\count100
\blind@listitem=\count101
\c@blind@listcount=\count102
\c@blind@levelcount=\count103
\blind@mathformula=\count104
\blind@Mathformula=\count105
\c@blind@randomcount=\count106
\c@blind@randommax=\count107
\c@blind@pangramcount=\count108
\c@blind@pangrammax=\count109
)
(C:\Users\AndyZurn\Dropbox\SJU\CompSci\CS300s\CS373\Paper\Final\FinalPaper.aux)
LaTeX Font Info:    Checking defaults for OML/cmm/m/it on input line 21.
LaTeX Font Info:    ... okay on input line 21.
LaTeX Font Info:    Checking defaults for T1/cmr/m/n on input line 21.
LaTeX Font Info:    ... okay on input line 21.
LaTeX Font Info:    Checking defaults for OT1/cmr/m/n on input line 21.
LaTeX Font Info:    ... okay on input line 21.
LaTeX Font Info:    Checking defaults for OMS/cmsy/m/n on input line 21.
LaTeX Font Info:    ... okay on input line 21.
LaTeX Font Info:    Checking defaults for OMX/cmex/m/n on input line 21.
LaTeX Font Info:    ... okay on input line 21.
LaTeX Font Info:    Checking defaults for U/cmr/m/n on input line 21.
LaTeX Font Info:    ... okay on input line 21.
(C:\Users\AndyZurn\AppData\Roaming\MiKTeX\2.9\tex\context\base\supp-pdf.mkii
[Loading MPS to PDF converter (version 2006.09.02).]
\scratchcounter=\count110
\scratchdimen=\dimen111
\scratchbox=\box27
\nofMPsegments=\count111
\nofMParguments=\count112
\everyMPshowfont=\toks18
\MPscratchCnt=\count113
\MPscratchDim=\dimen112
\MPnumerator=\count114
\makeMPintoPDFobject=\count115
\everyMPtoPDFconversion=\toks19
)
(C:\Users\AndyZurn\Dropbox\SJU\CompSci\CS300s\CS373\Paper\Final\FinalPaper.toc
LaTeX Font Info:    External font `cmex10' loaded for size
(Font)              <10.95> on input line 4.
LaTeX Font Info:    External font `cmex10' loaded for size
(Font)              <8> on input line 4.
LaTeX Font Info:    External font `cmex10' loaded for size
(Font)              <6> on input line 4.

Underfull \hbox (badness 10000) in paragraph at lines 7--7
 [][] []\T1/cmr/m/n/10.95 Cross-Compilation Ap- 
 []

)
\tf@toc=\write3

Underfull \vbox (badness 3260) has occurred while \output is active []

 [1{C:/Users/AndyZurn/AppData/Local/MiKTeX/2.9/pdftex/config/pdftex.map}


]
Underfull \hbox (badness 10000) in paragraph at lines 29--30

 []

<mobile-market-share.png, id=10, 298.86656pt x 132.495pt>
File: mobile-market-share.png Graphic file (type png)

<use mobile-market-share.png>
Package pdftex.def Info: mobile-market-share.png used on input line 32.
(pdftex.def)             Requested size: 239.09355pt x 105.99612pt.

Overfull \hbox (9.59355pt too wide) in paragraph at lines 32--33
[][] 
 []


LaTeX Warning: `!h' float specifier changed to `!ht'.


Underfull \hbox (badness 2221) in paragraph at lines 36--37
\T1/cmr/m/n/10.95 years, that be-ing the 'hy-brid' de-vel-op-ment
 []


Underfull \hbox (badness 1521) in paragraph at lines 36--37
\T1/cmr/m/n/10.95 that de-vel-op-ing mo-bile ap-pli-ca-tions us-ing a
 []


Underfull \hbox (badness 10000) in paragraph at lines 36--37

 []


Underfull \hbox (badness 1968) in paragraph at lines 39--40
\T1/cmr/m/n/10.95 "Evo-lu-tion of Mo-bile Soft-ware De-vel-op-ment
 []


Underfull \hbox (badness 1609) in paragraph at lines 39--40
\T1/cmr/m/n/10.95 from Platform-Specific to Web-Based Mul-ti-
 []


Underfull \hbox (badness 1067) in paragraph at lines 39--40
\T1/cmr/m/n/10.95 joined the mo-bile de-vice in-dus-try, with the
 []


Underfull \hbox (badness 2884) in paragraph at lines 39--40
\T1/cmr/m/n/10.95 na-tive de-vel-op-ment plat-forms be-came more
 []


Underfull \hbox (badness 10000) in paragraph at lines 39--40

 []

[2 <C:/Users/AndyZurn/Dropbox/SJU/CompSci/CS300s/CS373/Paper/Final/mobile-marke
t-share.png>] <mobile-proliferation.png, id=16, 417.81094pt x 287.57437pt>
File: mobile-proliferation.png Graphic file (type png)

<use mobile-proliferation.png>
Package pdftex.def Info: mobile-proliferation.png used on input line 42.
(pdftex.def)             Requested size: 237.31317pt x 163.33987pt.

Overfull \hbox (7.81317pt too wide) in paragraph at lines 42--43
[][] 
 []


Underfull \hbox (badness 10000) in paragraph at lines 46--47

 []


Underfull \hbox (badness 1454) in paragraph at lines 48--49
\T1/cmr/m/n/10.95 the in-tro-duc-tion of web-based mul-ti-plat-form
 []


Underfull \hbox (badness 10000) in paragraph at lines 48--49

 []

[3 <C:/Users/AndyZurn/Dropbox/SJU/CompSci/CS300s/CS373/Paper/Final/mobile-proli
feration.png>] <dev-times.png, id=21, 290.58563pt x 239.39438pt>
File: dev-times.png Graphic file (type png)

<use dev-times.png>
Package pdftex.def Info: dev-times.png used on input line 54.
(pdftex.def)             Requested size: 203.40854pt x 167.5749pt.


LaTeX Warning: `!h' float specifier changed to `!ht'.


Underfull \hbox (badness 1147) in paragraph at lines 58--59
\T1/cmr/m/n/10.95 Eclipse and Java if they wish to build for
 []


Underfull \hbox (badness 2913) in paragraph at lines 58--59
\T1/cmr/m/n/10.95 de-vel-op-ment en-vi-ron-ment like XCode along
 []


Underfull \hbox (badness 10000) in paragraph at lines 58--59

 []

<obj-c-code.png, id=22, 264.99pt x 216.81pt>
File: obj-c-code.png Graphic file (type png)
 <use obj-c-code.png>
Package pdftex.def Info: obj-c-code.png used on input line 61.
(pdftex.def)             Requested size: 166.94458pt x 136.59102pt.

<java-code.png, id=23, 303.38344pt x 177.66376pt>
File: java-code.png Graphic file (type png)
 <use java-code.png>
Package pdftex.def Info: java-code.png used on input line 66.
(pdftex.def)             Requested size: 191.13257pt x 111.92874pt.


LaTeX Warning: `!h' float specifier changed to `!ht'.


Underfull \hbox (badness 10000) in paragraph at lines 70--71

 []

[4 <C:/Users/AndyZurn/Dropbox/SJU/CompSci/CS300s/CS373/Paper/Final/dev-times.pn
g> <C:/Users/AndyZurn/Dropbox/SJU/CompSci/CS300s/CS373/Paper/Final/obj-c-code.p
ng>]
Underfull \hbox (badness 1565) in paragraph at lines 72--73
\T1/cmr/m/n/10.95 mas-sive re-dun-dant code bases, all leads to
 []


Underfull \hbox (badness 10000) in paragraph at lines 72--73

 []


Underfull \hbox (badness 1845) in paragraph at lines 75--76
\T1/cmr/m/n/10.95 so-lu-tions to the dilem-mas that face na-tive
 []


Underfull \hbox (badness 10000) in paragraph at lines 75--76

 []


Underfull \vbox (badness 10000) has occurred while \output is active []


Underfull \hbox (badness 10000) in paragraph at lines 78--79

 []


Underfull \hbox (badness 2253) in paragraph at lines 81--82
[]\T1/cmr/m/n/10.95 Cross-compiled ap-pli-ca-tions takes a given
 []


Underfull \hbox (badness 2376) in paragraph at lines 81--82
\T1/cmr/m/n/10.95 "A Com-par-a-tive Anal-y-sis of Cross-platform
 []


Underfull \hbox (badness 2495) in paragraph at lines 81--82
\T1/cmr/m/n/10.95 They state that these apps are "com-piled
 []


Underfull \hbox (badness 4886) in paragraph at lines 81--82
\T1/cmr/m/n/10.95 data-driven, as Xan-thopoulous points out,
 []


Underfull \hbox (badness 10000) in paragraph at lines 81--82

 []

[5 <C:/Users/AndyZurn/Dropbox/SJU/CompSci/CS300s/CS373/Paper/Final/java-code.pn
g>]
Underfull \hbox (badness 2521) in paragraph at lines 84--85
\T1/cmr/m/n/10.95 the cross-compiled method, a de-vel-oper to
 []


Underfull \hbox (badness 1496) in paragraph at lines 84--85
\T1/cmr/m/n/10.95 as-pects to the native-generated com-po-nents.
 []


Underfull \hbox (badness 10000) in paragraph at lines 84--85

 []


Underfull \hbox (badness 10000) in paragraph at lines 86--87

 []

<int-vs-cc.png, id=34, 218.31563pt x 107.65219pt>
File: int-vs-cc.png Graphic file (type png)
 <use int-vs-cc.png>
Package pdftex.def Info: int-vs-cc.png used on input line 89.
(pdftex.def)             Requested size: 251.061pt x 123.79904pt.

Overfull \hbox (21.561pt too wide) in paragraph at lines 89--90
[][] 
 []


LaTeX Warning: `!h' float specifier changed to `!ht'.

<cross-platform-chart.png, id=35, 493.845pt x 274.77657pt>
File: cross-platform-chart.png Graphic file (type png)

<use cross-platform-chart.png>
Package pdftex.def Info: cross-platform-chart.png used on input line 94.
(pdftex.def)             Requested size: 468.99937pt x 199.17645pt.

Underfull \hbox (badness 1496) in paragraph at lines 98--99
\T1/cmr/m/n/10.95 each other (such as per-for-mance, look and
 []


Underfull \hbox (badness 10000) in paragraph at lines 98--99

 []

[6]
Underfull \vbox (badness 2626) has occurred while \output is active []


Underfull \hbox (badness 10000) in paragraph at lines 101--102

 []

[7 <C:/Users/AndyZurn/Dropbox/SJU/CompSci/CS300s/CS373/Paper/Final/cross-platfo
rm-chart.png> <C:/Users/AndyZurn/Dropbox/SJU/CompSci/CS300s/CS373/Paper/Final/i
nt-vs-cc.png>]
Underfull \hbox (badness 1248) in paragraph at lines 103--104
\T1/cmr/m/n/10.95 a task on a na-tively de-vel-oped ap-pli-ca-tion,
 []


Underfull \hbox (badness 10000) in paragraph at lines 103--104

 []

<huy-app-performance.png, id=45, 558.58687pt x 247.67531pt>
File: huy-app-performance.png Graphic file (type png)

<use huy-app-performance.png>
Package pdftex.def Info: huy-app-performance.png used on input line 106.
(pdftex.def)             Requested size: 223.43079pt x 99.06836pt.

<appcelerator-flow-chart.png, id=46, 211.54031pt x 239.39438pt>
File: appcelerator-flow-chart.png Graphic file (type png)

<use appcelerator-flow-chart.png>
Package pdftex.def Info: appcelerator-flow-chart.png used on input line 116.
(pdftex.def)             Requested size: 211.53978pt x 239.39378pt.


LaTeX Warning: `h' float specifier changed to `ht'.


Underfull \hbox (badness 10000) in paragraph at lines 120--121

 []

[8 <C:/Users/AndyZurn/Dropbox/SJU/CompSci/CS300s/CS373/Paper/Final/huy-app-perf
ormance.png>]
Underfull \hbox (badness 1264) in paragraph at lines 123--124
\T1/cmr/m/n/10.95 HIPAA Se-cu-rity and Ad-min-is-tra-tion poli-cies
 []


Underfull \hbox (badness 10000) in paragraph at lines 123--124

 []


Underfull \hbox (badness 10000) in paragraph at lines 125--126

 []

<android-chapter-implementation.png, id=51, 722.7pt x 571.38469pt>
File: android-chapter-implementation.png Graphic file (type png)

<use android-chapter-implementation.png>
Package pdftex.def Info: android-chapter-implementation.png used on input line 
128.
(pdftex.def)             Requested size: 252.94878pt x 199.98763pt.

Overfull \hbox (23.44878pt too wide) in paragraph at lines 128--129
[][] 
 []


LaTeX Warning: `!h' float specifier changed to `!ht'.


Underfull \hbox (badness 10000) in paragraph at lines 132--133

 []

[9 <C:/Users/AndyZurn/Dropbox/SJU/CompSci/CS300s/CS373/Paper/Final/appcelerator
-flow-chart.png>]
<appcelerator-chapter-implementation.png, id=56, 578.16pt x 423.83344pt>
File: appcelerator-chapter-implementation.png Graphic file (type png)

<use appcelerator-chapter-implementation.png>
Package pdftex.def Info: appcelerator-chapter-implementation.png used on input 
line 135.
(pdftex.def)             Requested size: 231.2599pt x 169.53036pt.

Overfull \hbox (1.7599pt too wide) in paragraph at lines 135--136
[][] 
 []


LaTeX Warning: `!h' float specifier changed to `!ht'.


Underfull \hbox (badness 10000) in paragraph at lines 139--140

 []


Underfull \vbox (badness 7540) has occurred while \output is active []


<android-code.png, id=57, 420.82219pt x 216.81pt>
File: android-code.png Graphic file (type png)
 <use android-code.png>
Package pdftex.def Info: android-code.png used on input line 142.
(pdftex.def)             Requested size: 252.49525pt x 130.08699pt.

Overfull \hbox (22.99525pt too wide) in paragraph at lines 142--143
[][] 
 []


LaTeX Warning: `h' float specifier changed to `ht'.

<appcelerator-code.png, id=58, 350.81062pt x 85.82062pt>
File: appcelerator-code.png Graphic file (type png)

<use appcelerator-code.png>
Package pdftex.def Info: appcelerator-code.png used on input line 147.
(pdftex.def)             Requested size: 210.48799pt x 51.49275pt.


LaTeX Warning: `h' float specifier changed to `ht'.

[10 <C:/Users/AndyZurn/Dropbox/SJU/CompSci/CS300s/CS373/Paper/Final/android-cha
pter-implementation.png> <C:/Users/AndyZurn/Dropbox/SJU/CompSci/CS300s/CS373/Pa
per/Final/appcelerator-chapter-implementation.png>]
Underfull \hbox (badness 10000) in paragraph at lines 154--155
[]\T1/cmr/m/n/10.95 Hybrid mo-bile ap-pli-ca-tion de-vel-op-ment
 []


Underfull \hbox (badness 10000) in paragraph at lines 154--155

 []

[11 <C:/Users/AndyZurn/Dropbox/SJU/CompSci/CS300s/CS373/Paper/Final/android-cod
e.png> <C:/Users/AndyZurn/Dropbox/SJU/CompSci/CS300s/CS373/Paper/Final/appceler
ator-code.png>]
<hybrid-native-compare-table.png, id=68, 583.42969pt x 197.98969pt>
File: hybrid-native-compare-table.png Graphic file (type png)

<use hybrid-native-compare-table.png>
Package pdftex.def Info: hybrid-native-compare-table.png used on input line 163
.
(pdftex.def)             Requested size: 469.0145pt x 128.03922pt.

<ComparativeTable.png, id=69, 523.9575pt x 252.19218pt>
File: ComparativeTable.png Graphic file (type png)

<use ComparativeTable.png>
Package pdftex.def Info: ComparativeTable.png used on input line 178.
(pdftex.def)             Requested size: 261.9781pt x 126.09578pt.

Overfull \hbox (32.4781pt too wide) in paragraph at lines 178--179
[][] 
 []


Underfull \hbox (badness 1565) in paragraph at lines 183--184
\T1/cmr/m/n/10.95 plete life-cy-cle of the tech-nolo-gies it's used,
 []


Underfull \hbox (badness 1789) in paragraph at lines 183--184
\T1/cmr/m/n/10.95 cre-ated a volatile de-vel-op-ment en-vi-ron-ment,
 []


Underfull \hbox (badness 3884) in paragraph at lines 183--184
\T1/cmr/m/n/10.95 lan-guages and de-vel-op-ment plat-forms, and
 []


Underfull \hbox (badness 10000) in paragraph at lines 183--184

 []


Underfull \hbox (badness 10000) in paragraph at lines 185--186

 []

[12 <C:/Users/AndyZurn/Dropbox/SJU/CompSci/CS300s/CS373/Paper/Final/Comparative
Table.png>]
Underfull \vbox (badness 1418) has occurred while \output is active []


Underfull \hbox (badness 1688) in paragraph at lines 190--191
[]\T1/cmr/m/n/10.95 Native ap-pli-ca-tion de-vel-op-ment, has been
 []


Underfull \hbox (badness 3590) in paragraph at lines 190--191
\T1/cmr/m/n/10.95 pretty much the only op-tion for build-ing
 []


Underfull \hbox (badness 10000) in paragraph at lines 190--191

 []

[13 <C:/Users/AndyZurn/Dropbox/SJU/CompSci/CS300s/CS373/Paper/Final/hybrid-nati
ve-compare-table.png>]
Underfull \hbox (badness 10000) in paragraph at lines 192--193

 []


Underfull \hbox (badness 10000) in paragraph at lines 194--195

 []

[14]
(C:\Users\AndyZurn\Dropbox\SJU\CompSci\CS300s\CS373\Paper\Final\FinalPaper.bbl
Underfull \hbox (badness 2573) in paragraph at lines 9--14
[]\T1/cmr/m/n/10.95 Luis Cor-ral, Al-berto Sil-litti, Gi-an-carlo
 []


Underfull \hbox (badness 3525) in paragraph at lines 9--14
\T1/cmr/m/n/10.95 Succi, Alessan-dro Garibbo, and Paolo
 []


Underfull \hbox (badness 2096) in paragraph at lines 47--51
\T1/cmr/m/n/10.95 Shirer.  An-droid and ios com-bine for
 []


Underfull \hbox (badness 10000) in paragraph at lines 47--51
\T1/cmr/m/n/10.95 91.1mar-ket in 4q12 and 87.6 \T1/cmr/m/it/10.95 IDC\T1/cmr/m/
n/10.95 ,
 []

) [15]
Underfull \hbox (badness 1472) in paragraph at lines 210--211
\T1/cmr/m/n/10.95 cap-stone ex-pe-ri-ence, but has also deep-ened
 []


Underfull \hbox (badness 10000) in paragraph at lines 210--211

 []


Underfull \hbox (badness 10000) in paragraph at lines 212--213

 []


Underfull \hbox (badness 10000) in paragraph at lines 214--215

 []


Underfull \hbox (badness 1496) in paragraph at lines 216--217
\T1/cmr/m/n/10.95 in the terms that it pro-vided for some of
 []


Underfull \hbox (badness 1997) in paragraph at lines 216--217
\T1/cmr/m/n/10.95 pick-ing up new tech-nolo-gies and strug-gling
 []


Underfull \hbox (badness 1163) in paragraph at lines 216--217
\T1/cmr/m/n/10.95 and through has helped me in this course,
 []


Underfull \hbox (badness 10000) in paragraph at lines 216--217

 []

[16]
Underfull \hbox (badness 10000) in paragraph at lines 218--219

 []


Underfull \hbox (badness 1048) in paragraph at lines 220--221
\T1/cmr/m/n/10.95 JavaScript. Hav-ing to learn both of these
 []


Underfull \hbox (badness 10000) in paragraph at lines 220--221

 []


Underfull \hbox (badness 10000) in paragraph at lines 222--223

 []

[17] [18

]
(C:\Users\AndyZurn\Dropbox\SJU\CompSci\CS300s\CS373\Paper\Final\FinalPaper.aux)
 ) 
Here is how much of TeX's memory you used:
 2571 strings out of 493921
 33779 string characters out of 3144866
 99593 words of memory out of 3000000
 5830 multiletter control sequences out of 15000+200000
 10928 words of font info for 29 fonts, out of 3000000 for 9000
 841 hyphenation exceptions out of 8191
 27i,6n,29p,1586b,223s stack positions out of 5000i,500n,10000p,200000b,50000s
 <C:\Users\AndyZurn\AppData\Local\MiKTeX\2.9\fonts\pk\ljfour\jknappen\ec\dpi6
00\ecti1095.pk> <C:\Users\AndyZurn\AppData\Local\MiKTeX\2.9\fonts\pk\ljfour\jkn
appen\ec\dpi600\ecrm1095.pk> <C:\Users\AndyZurn\AppData\Local\MiKTeX\2.9\fonts\
pk\ljfour\jknappen\ec\dpi600\ecbx1095.pk> <C:\Users\AndyZurn\AppData\Local\MiKT
eX\2.9\fonts\pk\ljfour\jknappen\ec\dpi600\ecbx1200.pk> <C:\Users\AndyZurn\AppDa
ta\Local\MiKTeX\2.9\fonts\pk\ljfour\jknappen\ec\dpi600\ecrm1200.pk> <C:\Users\A
ndyZurn\AppData\Local\MiKTeX\2.9\fonts\pk\ljfour\jknappen\ec\dpi600\ecrm1728.pk
>
Output written on FinalPaper.pdf (18 pages, 630601 bytes).
PDF statistics:
 386 PDF objects out of 1000 (max. 8388607)
 0 named destinations out of 1000 (max. 500000)
 76 words of extra memory for PDF output out of 10000 (max. 10000000)

